<?xml version="1.0" encoding="UTF-8"?>
<testsuite xmlns:xsi="http://www.w3.org/2001/XMLSchema-instance" xsi:noNamespaceSchemaLocation="https://maven.apache.org/surefire/maven-surefire-plugin/xsd/surefire-test-report-3.0.xsd" version="3.0" name="rentasad.library.db.ConnectionInfoTest" time="0.029" tests="2" errors="0" skipped="0" failures="0">
  <properties>
[...]
</properties>
  <testcase name="testGetConnectionInfoFromConfigMapFromIniFile" classname="rentasad.library.db.ConnectionInfoTest" time="0.02"/>
  <testcase name="testGetConnectionInfoFromConfigMap" classname="rentasad.library.db.ConnectionInfoTest" time="0.001"/>
</testsuite>