<?xml version="1.0" encoding="UTF-8"?>
<testsuite xmlns:xsi="http://www.w3.org/2001/XMLSchema-instance" xsi:noNamespaceSchemaLocation="https://maven.apache.org/surefire/maven-surefire-plugin/xsd/surefire-test-report-3.0.xsd" version="3.0" name="rentasad.library.db.MySQLSSHConnectionTest" time="4.789" tests="3" errors="0" skipped="0" failures="0">
  <properties>
[...]
</properties>
  <testcase name="testConnectionFailureDueInvalidDbPassword" classname="rentasad.library.db.MySQLSSHConnectionTest" time="1.757">
    <system-err><![CDATA[[main] INFO net.schmizz.sshj.transport.random.JCERandom - Creating new SecureRandom.
[main] INFO net.schmizz.sshj.transport.TransportImpl - Client identity string: SSH-2.0-SSHJ_0.38.0
[main] INFO net.schmizz.sshj.transport.TransportImpl - Server identity string: SSH-2.0-OpenSSH_9.6p1 Ubuntu-3ubuntu13.5
[Thread-3] INFO net.schmizz.sshj.connection.channel.direct.LocalPortForwarder - Listening on localhost/127.0.0.1:63524
[main] INFO com.zaxxer.hikari.HikariDataSource - HikariPool-1 - Starting...
[main] INFO com.zaxxer.hikari.pool.HikariPool - HikariPool-1 - Added connection com.mysql.cj.jdbc.ConnectionImpl@277bf091
[main] INFO com.zaxxer.hikari.HikariDataSource - HikariPool-1 - Start completed.
[main] INFO net.schmizz.sshj.transport.random.JCERandom - Creating new SecureRandom.
[main] INFO net.schmizz.sshj.transport.TransportImpl - Client identity string: SSH-2.0-SSHJ_0.38.0
[main] INFO net.schmizz.sshj.transport.TransportImpl - Server identity string: SSH-2.0-OpenSSH_9.6p1 Ubuntu-3ubuntu13.5
[Thread-9] INFO net.schmizz.sshj.connection.channel.direct.LocalPortForwarder - Listening on localhost/127.0.0.1:63527
[main] INFO com.zaxxer.hikari.HikariDataSource - HikariPool-2 - Starting...
[main] INFO com.zaxxer.hikari.HikariDataSource - HikariPool-1 - Shutdown initiated...
[main] INFO com.zaxxer.hikari.HikariDataSource - HikariPool-1 - Shutdown completed.
[main] INFO net.schmizz.sshj.connection.channel.direct.LocalPortForwarder - Closing listener on localhost/127.0.0.1:63524
[main] INFO net.schmizz.sshj.transport.TransportImpl - Disconnected - BY_APPLICATION
]]></system-err>
  </testcase>
  <testcase name="testConnectionFailureDueInvalidHost" classname="rentasad.library.db.MySQLSSHConnectionTest" time="2.836">
    <system-err><![CDATA[[main] INFO net.schmizz.sshj.transport.random.JCERandom - Creating new SecureRandom.
[main] INFO net.schmizz.sshj.transport.TransportImpl - Client identity string: SSH-2.0-SSHJ_0.38.0
[main] INFO net.schmizz.sshj.transport.TransportImpl - Server identity string: SSH-2.0-OpenSSH_9.6p1 Ubuntu-3ubuntu13.5
[Thread-42] INFO net.schmizz.sshj.connection.channel.direct.LocalPortForwarder - Listening on localhost/127.0.0.1:63540
[main] INFO com.zaxxer.hikari.HikariDataSource - HikariPool-3 - Starting...
[main] INFO com.zaxxer.hikari.pool.HikariPool - HikariPool-3 - Added connection com.mysql.cj.jdbc.ConnectionImpl@6981f8f3
[main] INFO com.zaxxer.hikari.HikariDataSource - HikariPool-3 - Start completed.
[main] INFO net.schmizz.sshj.transport.random.JCERandom - Creating new SecureRandom.
[main] INFO com.zaxxer.hikari.HikariDataSource - HikariPool-3 - Shutdown initiated...
[main] INFO com.zaxxer.hikari.HikariDataSource - HikariPool-3 - Shutdown completed.
[main] INFO net.schmizz.sshj.connection.channel.direct.LocalPortForwarder - Closing listener on localhost/127.0.0.1:63540
[main] INFO net.schmizz.sshj.transport.TransportImpl - Disconnected - BY_APPLICATION
[sockmon] ERROR net.schmizz.concurrent.Promise - <<chan#8 / close>> woke to: net.schmizz.sshj.connection.ConnectionException: Disconnected
[chan2soc] ERROR net.schmizz.sshj.common.StreamCopier - In pipe from < ChannelInputStream for Channel #9 > to java.net.Socket$SocketOutputStream@320d8b38
net.schmizz.sshj.transport.TransportException: [BY_APPLICATION] Disconnected
]]></system-err>
  </testcase>
  <testcase name="testConnectionSuccessful" classname="rentasad.library.db.MySQLSSHConnectionTest" time="0.193">
    <system-err><![CDATA[	at net.schmizz.sshj.transport.TransportImpl.disconnect(TransportImpl.java:396)
	at net.schmizz.sshj.transport.TransportImpl.disconnect(TransportImpl.java:387)
	at net.schmizz.sshj.transport.TransportImpl.disconnect(TransportImpl.java:382)
	at net.schmizz.sshj.SSHClient.disconnect(SSHClient.java:438)
	at rentasad.library.db.sshConnections.SSHJConnection.close(SSHJConnection.java:131)
	at rentasad.library.db.MySQLSSHConnection.close(MySQLSSHConnection.java:105)
	at rentasad.library.db.MySQLSSHConnectionTest.tearDown(MySQLSSHConnectionTest.java:83)
	at java.base/jdk.internal.reflect.NativeMethodAccessorImpl.invoke0(Native Method)
	at java.base/jdk.internal.reflect.NativeMethodAccessorImpl.invoke(NativeMethodAccessorImpl.java:77)
	at java.base/jdk.internal.reflect.DelegatingMethodAccessorImpl.invoke(DelegatingMethodAccessorImpl.java:43)
	at java.base/java.lang.reflect.Method.invoke(Method.java:569)
	at org.junit.platform.commons.util.ReflectionUtils.invokeMethod(ReflectionUtils.java:725)
	at org.junit.jupiter.engine.execution.MethodInvocation.proceed(MethodInvocation.java:60)
	at org.junit.jupiter.engine.execution.InvocationInterceptorChain$ValidatingInvocation.proceed(InvocationInterceptorChain.java:131)
	at org.junit.jupiter.engine.extension.TimeoutExtension.intercept(TimeoutExtension.java:149)
	at org.junit.jupiter.engine.extension.TimeoutExtension.interceptLifecycleMethod(TimeoutExtension.java:126)
	at org.junit.jupiter.engine.extension.TimeoutExtension.interceptAfterEachMethod(TimeoutExtension.java:108)
	at org.junit.jupiter.engine.execution.ExecutableInvoker$ReflectiveInterceptorCall.lambda$ofVoidMethod$0(ExecutableInvoker.java:115)
	at org.junit.jupiter.engine.execution.ExecutableInvoker.lambda$invoke$0(ExecutableInvoker.java:105)
	at org.junit.jupiter.engine.execution.InvocationInterceptorChain$InterceptedInvocation.proceed(InvocationInterceptorChain.java:106)
	at org.junit.jupiter.engine.execution.InvocationInterceptorChain.proceed(InvocationInterceptorChain.java:64)
	at org.junit.jupiter.engine.execution.InvocationInterceptorChain.chainAndInvoke(InvocationInterceptorChain.java:45)
	at org.junit.jupiter.engine.execution.InvocationInterceptorChain.invoke(InvocationInterceptorChain.java:37)
	at org.junit.jupiter.engine.execution.ExecutableInvoker.invoke(ExecutableInvoker.java:104)
	at org.junit.jupiter.engine.execution.ExecutableInvoker.invoke(ExecutableInvoker.java:98)
	at org.junit.jupiter.engine.descriptor.ClassBasedTestDescriptor.invokeMethodInExtensionContext(ClassBasedTestDescriptor.java:506)
	at org.junit.jupiter.engine.descriptor.ClassBasedTestDescriptor.lambda$synthesizeAfterEachMethodAdapter$22(ClassBasedTestDescriptor.java:496)
	at org.junit.jupiter.engine.descriptor.TestMethodTestDescriptor.lambda$invokeAfterEachMethods$10(TestMethodTestDescriptor.java:240)
	at org.junit.jupiter.engine.descriptor.TestMethodTestDescriptor.lambda$invokeAllAfterMethodsOrCallbacks$13(TestMethodTestDescriptor.java:273)
	at org.junit.platform.engine.support.hierarchical.ThrowableCollector.execute(ThrowableCollector.java:73)
	at org.junit.jupiter.engine.descriptor.TestMethodTestDescriptor.lambda$invokeAllAfterMethodsOrCallbacks$14(TestMethodTestDescriptor.java:273)
	at java.base/java.util.ArrayList.forEach(ArrayList.java:1511)
	at org.junit.jupiter.engine.descriptor.TestMethodTestDescriptor.invokeAllAfterMethodsOrCallbacks(TestMethodTestDescriptor.java:272)
	at org.junit.jupiter.engine.descriptor.TestMethodTestDescriptor.invokeAfterEachMethods(TestMethodTestDescriptor.java:238)
	at org.junit.jupiter.engine.descriptor.TestMethodTestDescriptor.execute(TestMethodTestDescriptor.java:139)
	at org.junit.jupiter.engine.descriptor.TestMethodTestDescriptor.execute(TestMethodTestDescriptor.java:66)
	at org.junit.platform.engine.support.hierarchical.NodeTestTask.lambda$executeRecursively$6(NodeTestTask.java:151)
	at org.junit.platform.engine.support.hierarchical.ThrowableCollector.execute(ThrowableCollector.java:73)
	at org.junit.platform.engine.support.hierarchical.NodeTestTask.lambda$executeRecursively$8(NodeTestTask.java:141)
	at org.junit.platform.engine.support.hierarchical.Node.around(Node.java:137)
	at org.junit.platform.engine.support.hierarchical.NodeTestTask.lambda$executeRecursively$9(NodeTestTask.java:139)
	at org.junit.platform.engine.support.hierarchical.ThrowableCollector.execute(ThrowableCollector.java:73)
	at org.junit.platform.engine.support.hierarchical.NodeTestTask.executeRecursively(NodeTestTask.java:138)
	at org.junit.platform.engine.support.hierarchical.NodeTestTask.execute(NodeTestTask.java:95)
	at java.base/java.util.ArrayList.forEach(ArrayList.java:1511)
	at org.junit.platform.engine.support.hierarchical.SameThreadHierarchicalTestExecutorService.invokeAll(SameThreadHierarchicalTestExecutorService.java:41)
	at org.junit.platform.engine.support.hierarchical.NodeTestTask.lambda$executeRecursively$6(NodeTestTask.java:155)
	at org.junit.platform.engine.support.hierarchical.ThrowableCollector.execute(ThrowableCollector.java:73)
	at org.junit.platform.engine.support.hierarchical.NodeTestTask.lambda$executeRecursively$8(NodeTestTask.java:141)
	at org.junit.platform.engine.support.hierarchical.Node.around(Node.java:137)
	at org.junit.platform.engine.support.hierarchical.NodeTestTask.lambda$executeRecursively$9(NodeTestTask.java:139)
	at org.junit.platform.engine.support.hierarchical.ThrowableCollector.execute(ThrowableCollector.java:73)
	at org.junit.platform.engine.support.hierarchical.NodeTestTask.executeRecursively(NodeTestTask.java:138)
	at org.junit.platform.engine.support.hierarchical.NodeTestTask.execute(NodeTestTask.java:95)
	at java.base/java.util.ArrayList.forEach(ArrayList.java:1511)
	at org.junit.platform.engine.support.hierarchical.SameThreadHierarchicalTestExecutorService.invokeAll(SameThreadHierarchicalTestExecutorService.java:41)
	at org.junit.platform.engine.support.hierarchical.NodeTestTask.lambda$executeRecursively$6(NodeTestTask.java:155)
	at org.junit.platform.engine.support.hierarchical.ThrowableCollector.execute(ThrowableCollector.java:73)
	at org.junit.platform.engine.support.hierarchical.NodeTestTask.lambda$executeRecursively$8(NodeTestTask.java:141)
	at org.junit.platform.engine.support.hierarchical.Node.around(Node.java:137)
	at org.junit.platform.engine.support.hierarchical.NodeTestTask.lambda$executeRecursively$9(NodeTestTask.java:139)
	at org.junit.platform.engine.support.hierarchical.ThrowableCollector.execute(ThrowableCollector.java:73)
	at org.junit.platform.engine.support.hierarchical.NodeTestTask.executeRecursively(NodeTestTask.java:138)
	at org.junit.platform.engine.support.hierarchical.NodeTestTask.execute(NodeTestTask.java:95)
	at org.junit.platform.engine.support.hierarchical.SameThreadHierarchicalTestExecutorService.submit(SameThreadHierarchicalTestExecutorService.java:35)
	at org.junit.platform.engine.support.hierarchical.HierarchicalTestExecutor.execute(HierarchicalTestExecutor.java:57)
	at org.junit.platform.engine.support.hierarchical.HierarchicalTestEngine.execute(HierarchicalTestEngine.java:54)
	at org.junit.platform.launcher.core.EngineExecutionOrchestrator.execute(EngineExecutionOrchestrator.java:107)
	at org.junit.platform.launcher.core.EngineExecutionOrchestrator.execute(EngineExecutionOrchestrator.java:88)
	at org.junit.platform.launcher.core.EngineExecutionOrchestrator.lambda$execute$0(EngineExecutionOrchestrator.java:54)
	at org.junit.platform.launcher.core.EngineExecutionOrchestrator.withInterceptedStreams(EngineExecutionOrchestrator.java:67)
	at org.junit.platform.launcher.core.EngineExecutionOrchestrator.execute(EngineExecutionOrchestrator.java:52)
	at org.junit.platform.launcher.core.DefaultLauncher.execute(DefaultLauncher.java:114)
	at org.junit.platform.launcher.core.DefaultLauncher.execute(DefaultLauncher.java:86)
	at org.junit.platform.launcher.core.DefaultLauncherSession$DelegatingLauncher.execute(DefaultLauncherSession.java:86)
	at org.apache.maven.surefire.junitplatform.LazyLauncher.execute(LazyLauncher.java:56)
	at org.apache.maven.surefire.junitplatform.JUnitPlatformProvider.execute(JUnitPlatformProvider.java:184)
	at org.apache.maven.surefire.junitplatform.JUnitPlatformProvider.invokeAllTests(JUnitPlatformProvider.java:148)
	at org.apache.maven.surefire.junitplatform.JUnitPlatformProvider.invoke(JUnitPlatformProvider.java:122)
	at org.apache.maven.surefire.booter.ForkedBooter.runSuitesInProcess(ForkedBooter.java:385)
	at org.apache.maven.surefire.booter.ForkedBooter.execute(ForkedBooter.java:162)
	at org.apache.maven.surefire.booter.ForkedBooter.run(ForkedBooter.java:507)
	at org.apache.maven.surefire.booter.ForkedBooter.main(ForkedBooter.java:495)
[sockmon] WARN net.schmizz.sshj.common.IOUtils - Error closing < direct-tcpip channel: id=8, recipient=8, localWin=[winSize=2092591], remoteWin=[winSize=2094789] > - {}
net.schmizz.sshj.connection.ConnectionException: Disconnected
	at net.schmizz.sshj.connection.ConnectionException$1.chain(ConnectionException.java:32)
	at net.schmizz.sshj.connection.ConnectionException$1.chain(ConnectionException.java:26)
	at net.schmizz.concurrent.Promise.deliverError(Promise.java:95)
	at net.schmizz.concurrent.Event.deliverError(Event.java:74)
	at net.schmizz.concurrent.ErrorDeliveryUtil.alertEvents(ErrorDeliveryUtil.java:34)
	at net.schmizz.sshj.connection.channel.AbstractChannel.notifyError(AbstractChannel.java:238)
	at net.schmizz.sshj.common.ErrorNotifiable$Util.alertAll(ErrorNotifiable.java:35)
	at net.schmizz.sshj.connection.ConnectionImpl.notifyError(ConnectionImpl.java:261)
	at net.schmizz.sshj.transport.TransportImpl.disconnect(TransportImpl.java:396)
	at net.schmizz.sshj.transport.TransportImpl.disconnect(TransportImpl.java:387)
	at net.schmizz.sshj.transport.TransportImpl.disconnect(TransportImpl.java:382)
	at net.schmizz.sshj.SSHClient.disconnect(SSHClient.java:438)
	at rentasad.library.db.sshConnections.SSHJConnection.close(SSHJConnection.java:131)
	at rentasad.library.db.MySQLSSHConnection.close(MySQLSSHConnection.java:105)
	at rentasad.library.db.MySQLSSHConnectionTest.tearDown(MySQLSSHConnectionTest.java:83)
	at java.base/jdk.internal.reflect.NativeMethodAccessorImpl.invoke0(Native Method)
	at java.base/jdk.internal.reflect.NativeMethodAccessorImpl.invoke(NativeMethodAccessorImpl.java:77)
	at java.base/jdk.internal.reflect.DelegatingMethodAccessorImpl.invoke(DelegatingMethodAccessorImpl.java:43)
	at java.base/java.lang.reflect.Method.invoke(Method.java:569)
	at org.junit.platform.commons.util.ReflectionUtils.invokeMethod(ReflectionUtils.java:725)
	at org.junit.jupiter.engine.execution.MethodInvocation.proceed(MethodInvocation.java:60)
	at org.junit.jupiter.engine.execution.InvocationInterceptorChain$ValidatingInvocation.proceed(InvocationInterceptorChain.java:131)
	at org.junit.jupiter.engine.extension.TimeoutExtension.intercept(TimeoutExtension.java:149)
	at org.junit.jupiter.engine.extension.TimeoutExtension.interceptLifecycleMethod(TimeoutExtension.java:126)
	at org.junit.jupiter.engine.extension.TimeoutExtension.interceptAfterEachMethod(TimeoutExtension.java:108)
	at org.junit.jupiter.engine.execution.ExecutableInvoker$ReflectiveInterceptorCall.lambda$ofVoidMethod$0(ExecutableInvoker.java:115)
	at org.junit.jupiter.engine.execution.ExecutableInvoker.lambda$invoke$0(ExecutableInvoker.java:105)
	at org.junit.jupiter.engine.execution.InvocationInterceptorChain$InterceptedInvocation.proceed(InvocationInterceptorChain.java:106)
	at org.junit.jupiter.engine.execution.InvocationInterceptorChain.proceed(InvocationInterceptorChain.java:64)
	at org.junit.jupiter.engine.execution.InvocationInterceptorChain.chainAndInvoke(InvocationInterceptorChain.java:45)
	at org.junit.jupiter.engine.execution.InvocationInterceptorChain.invoke(InvocationInterceptorChain.java:37)
	at org.junit.jupiter.engine.execution.ExecutableInvoker.invoke(ExecutableInvoker.java:104)
	at org.junit.jupiter.engine.execution.ExecutableInvoker.invoke(ExecutableInvoker.java:98)
	at org.junit.jupiter.engine.descriptor.ClassBasedTestDescriptor.invokeMethodInExtensionContext(ClassBasedTestDescriptor.java:506)
	at org.junit.jupiter.engine.descriptor.ClassBasedTestDescriptor.lambda$synthesizeAfterEachMethodAdapter$22(ClassBasedTestDescriptor.java:496)
	at org.junit.jupiter.engine.descriptor.TestMethodTestDescriptor.lambda$invokeAfterEachMethods$10(TestMethodTestDescriptor.java:240)
	at org.junit.jupiter.engine.descriptor.TestMethodTestDescriptor.lambda$invokeAllAfterMethodsOrCallbacks$13(TestMethodTestDescriptor.java:273)
	at org.junit.platform.engine.support.hierarchical.ThrowableCollector.execute(ThrowableCollector.java:73)
	at org.junit.jupiter.engine.descriptor.TestMethodTestDescriptor.lambda$invokeAllAfterMethodsOrCallbacks$14(TestMethodTestDescriptor.java:273)
	at java.base/java.util.ArrayList.forEach(ArrayList.java:1511)
	at org.junit.jupiter.engine.descriptor.TestMethodTestDescriptor.invokeAllAfterMethodsOrCallbacks(TestMethodTestDescriptor.java:272)
	at org.junit.jupiter.engine.descriptor.TestMethodTestDescriptor.invokeAfterEachMethods(TestMethodTestDescriptor.java:238)
	at org.junit.jupiter.engine.descriptor.TestMethodTestDescriptor.execute(TestMethodTestDescriptor.java:139)
	at org.junit.jupiter.engine.descriptor.TestMethodTestDescriptor.execute(TestMethodTestDescriptor.java:66)
	at org.junit.platform.engine.support.hierarchical.NodeTestTask.lambda$executeRecursively$6(NodeTestTask.java:151)
	at org.junit.platform.engine.support.hierarchical.ThrowableCollector.execute(ThrowableCollector.java:73)
	at org.junit.platform.engine.support.hierarchical.NodeTestTask.lambda$executeRecursively$8(NodeTestTask.java:141)
	at org.junit.platform.engine.support.hierarchical.Node.around(Node.java:137)
	at org.junit.platform.engine.support.hierarchical.NodeTestTask.lambda$executeRecursively$9(NodeTestTask.java:139)
	at org.junit.platform.engine.support.hierarchical.ThrowableCollector.execute(ThrowableCollector.java:73)
	at org.junit.platform.engine.support.hierarchical.NodeTestTask.executeRecursively(NodeTestTask.java:138)
	at org.junit.platform.engine.support.hierarchical.NodeTestTask.execute(NodeTestTask.java:95)
	at java.base/java.util.ArrayList.forEach(ArrayList.java:1511)
	at org.junit.platform.engine.support.hierarchical.SameThreadHierarchicalTestExecutorService.invokeAll(SameThreadHierarchicalTestExecutorService.java:41)
	at org.junit.platform.engine.support.hierarchical.NodeTestTask.lambda$executeRecursively$6(NodeTestTask.java:155)
	at org.junit.platform.engine.support.hierarchical.ThrowableCollector.execute(ThrowableCollector.java:73)
	at org.junit.platform.engine.support.hierarchical.NodeTestTask.lambda$executeRecursively$8(NodeTestTask.java:141)
	at org.junit.platform.engine.support.hierarchical.Node.around(Node.java:137)
	at org.junit.platform.engine.support.hierarchical.NodeTestTask.lambda$executeRecursively$9(NodeTestTask.java:139)
	at org.junit.platform.engine.support.hierarchical.ThrowableCollector.execute(ThrowableCollector.java:73)
	at org.junit.platform.engine.support.hierarchical.NodeTestTask.executeRecursively(NodeTestTask.java:138)
	at org.junit.platform.engine.support.hierarchical.NodeTestTask.execute(NodeTestTask.java:95)
	at java.base/java.util.ArrayList.forEach(ArrayList.java:1511)
	at org.junit.platform.engine.support.hierarchical.SameThreadHierarchicalTestExecutorService.invokeAll(SameThreadHierarchicalTestExecutorService.java:41)
	at org.junit.platform.engine.support.hierarchical.NodeTestTask.lambda$executeRecursively$6(NodeTestTask.java:155)
	at org.junit.platform.engine.support.hierarchical.ThrowableCollector.execute(ThrowableCollector.java:73)
	at org.junit.platform.engine.support.hierarchical.NodeTestTask.lambda$executeRecursively$8(NodeTestTask.java:141)
	at org.junit.platform.engine.support.hierarchical.Node.around(Node.java:137)
	at org.junit.platform.engine.support.hierarchical.NodeTestTask.lambda$executeRecursively$9(NodeTestTask.java:139)
	at org.junit.platform.engine.support.hierarchical.ThrowableCollector.execute(ThrowableCollector.java:73)
	at org.junit.platform.engine.support.hierarchical.NodeTestTask.executeRecursively(NodeTestTask.java:138)
	at org.junit.platform.engine.support.hierarchical.NodeTestTask.execute(NodeTestTask.java:95)
	at org.junit.platform.engine.support.hierarchical.SameThreadHierarchicalTestExecutorService.submit(SameThreadHierarchicalTestExecutorService.java:35)
	at org.junit.platform.engine.support.hierarchical.HierarchicalTestExecutor.execute(HierarchicalTestExecutor.java:57)
	at org.junit.platform.engine.support.hierarchical.HierarchicalTestEngine.execute(HierarchicalTestEngine.java:54)
	at org.junit.platform.launcher.core.EngineExecutionOrchestrator.execute(EngineExecutionOrchestrator.java:107)
	at org.junit.platform.launcher.core.EngineExecutionOrchestrator.execute(EngineExecutionOrchestrator.java:88)
	at org.junit.platform.launcher.core.EngineExecutionOrchestrator.lambda$execute$0(EngineExecutionOrchestrator.java:54)
	at org.junit.platform.launcher.core.EngineExecutionOrchestrator.withInterceptedStreams(EngineExecutionOrchestrator.java:67)
	at org.junit.platform.launcher.core.EngineExecutionOrchestrator.execute(EngineExecutionOrchestrator.java:52)
	at org.junit.platform.launcher.core.DefaultLauncher.execute(DefaultLauncher.java:114)
	at org.junit.platform.launcher.core.DefaultLauncher.execute(DefaultLauncher.java:86)
	at org.junit.platform.launcher.core.DefaultLauncherSession$DelegatingLauncher.execute(DefaultLauncherSession.java:86)
	at org.apache.maven.surefire.junitplatform.LazyLauncher.execute(LazyLauncher.java:56)
	at org.apache.maven.surefire.junitplatform.JUnitPlatformProvider.execute(JUnitPlatformProvider.java:184)
	at org.apache.maven.surefire.junitplatform.JUnitPlatformProvider.invokeAllTests(JUnitPlatformProvider.java:148)
	at org.apache.maven.surefire.junitplatform.JUnitPlatformProvider.invoke(JUnitPlatformProvider.java:122)
	at org.apache.maven.surefire.booter.ForkedBooter.runSuitesInProcess(ForkedBooter.java:385)
	at org.apache.maven.surefire.booter.ForkedBooter.execute(ForkedBooter.java:162)
	at org.apache.maven.surefire.booter.ForkedBooter.run(ForkedBooter.java:507)
	at org.apache.maven.surefire.booter.ForkedBooter.main(ForkedBooter.java:495)
Caused by: net.schmizz.sshj.transport.TransportException: [BY_APPLICATION] Disconnected
	... 83 more
[sockmon] ERROR net.schmizz.concurrent.Promise - <<copyDone>> woke to: net.schmizz.sshj.transport.TransportException: [BY_APPLICATION] Disconnected
[main] INFO net.schmizz.sshj.transport.random.JCERandom - Creating new SecureRandom.
[main] INFO net.schmizz.sshj.transport.TransportImpl - Client identity string: SSH-2.0-SSHJ_0.38.0
[main] INFO net.schmizz.sshj.transport.TransportImpl - Server identity string: SSH-2.0-OpenSSH_9.6p1 Ubuntu-3ubuntu13.5
[Thread-77] INFO net.schmizz.sshj.connection.channel.direct.LocalPortForwarder - Listening on localhost/127.0.0.1:63554
[main] INFO com.zaxxer.hikari.HikariDataSource - HikariPool-4 - Starting...
[main] INFO com.zaxxer.hikari.pool.HikariPool - HikariPool-4 - Added connection com.mysql.cj.jdbc.ConnectionImpl@7e74a380
[main] INFO com.zaxxer.hikari.HikariDataSource - HikariPool-4 - Start completed.
[main] INFO com.zaxxer.hikari.HikariDataSource - HikariPool-4 - Shutdown initiated...
[main] INFO com.zaxxer.hikari.HikariDataSource - HikariPool-4 - Shutdown completed.
[main] INFO net.schmizz.sshj.connection.channel.direct.LocalPortForwarder - Closing listener on localhost/127.0.0.1:63554
[main] INFO net.schmizz.sshj.transport.TransportImpl - Disconnected - BY_APPLICATION
[chan2soc] ERROR net.schmizz.sshj.common.StreamCopier - In pipe from < ChannelInputStream for Channel #0 > to java.net.Socket$SocketOutputStream@6d9cb397
net.schmizz.sshj.transport.TransportException: [BY_APPLICATION] Disconnected
	at net.schmizz.sshj.transport.TransportImpl.disconnect(TransportImpl.java:396)
	at net.schmizz.sshj.transport.TransportImpl.disconnect(TransportImpl.java:387)
	at net.schmizz.sshj.transport.TransportImpl.disconnect(TransportImpl.java:382)
	at net.schmizz.sshj.SSHClient.disconnect(SSHClient.java:438)
	at rentasad.library.db.sshConnections.SSHJConnection.close(SSHJConnection.java:131)
	at rentasad.library.db.MySQLSSHConnection.close(MySQLSSHConnection.java:105)
	at rentasad.library.db.MySQLSSHConnectionTest.tearDown(MySQLSSHConnectionTest.java:83)
	at java.base/jdk.internal.reflect.NativeMethodAccessorImpl.invoke0(Native Method)
	at java.base/jdk.internal.reflect.NativeMethodAccessorImpl.invoke(NativeMethodAccessorImpl.java:77)
	at java.base/jdk.internal.reflect.DelegatingMethodAccessorImpl.invoke(DelegatingMethodAccessorImpl.java:43)
	at java.base/java.lang.reflect.Method.invoke(Method.java:569)
	at org.junit.platform.commons.util.ReflectionUtils.invokeMethod(ReflectionUtils.java:725)
	at org.junit.jupiter.engine.execution.MethodInvocation.proceed(MethodInvocation.java:60)
	at org.junit.jupiter.engine.execution.InvocationInterceptorChain$ValidatingInvocation.proceed(InvocationInterceptorChain.java:131)
]]></system-err>
  </testcase>
</testsuite>